<?xml version="1.0" encoding="UTF-8"?>
<testsuites name="jest tests" tests="1" failures="0" errors="0" time="74.418">
  <testsuite name="src/App.test.js" errors="0" failures="0" skipped="0" timestamp="2024-06-20T20:53:06" time="50.645" tests="1">
    <testcase classname="-renders learn Jenkins link" name="-renders learn Jenkins link" time="0.055">
    </testcase>
  </testsuite>
</testsuites>